# JRE version: OpenJDK Runtime Environment Temurin-17.0.7+7 (17.0.7+7) (build 17.0.7+7)
# Java VM: OpenJDK 64-Bit Server VM Temurin-17.0.7+7 (17.0.7+7, mixed mode, tiered, compressed oops, compressed class ptrs, parallel gc, windows-amd64)
GC Precious Log:
 CPUs: 4 total, 4 available
 Memory: 8071M
 Large Page Support: Disabled
 NUMA Support: Disabled
 Compressed Oops: Enabled (32-bit)
 Alignments: Space 512K, Generation 512K, Heap 2M
 Heap Min Capacity: 100M
 Heap Initial Capacity: 100M
 Heap Max Capacity: 1G
 Pre-touch: Disabled
 Parallel Workers: 4
Heap:
 PSYoungGen      total 51712K, used 43873K [0x00000000eab00000, 0x00000000f0700000, 0x0000000100000000)
  eden space 25088K, 68% used [0x00000000eab00000,0x00000000ebbdfa08,0x00000000ec380000)
  from space 26624K, 99% used [0x00000000ec380000,0x00000000edd78d80,0x00000000edd80000)
  to   space 33792K, 0% used [0x00000000ee600000,0x00000000ee600000,0x00000000f0700000)
 ParOldGen       total 665088K, used 637455K [0x00000000c0000000, 0x00000000e8980000, 0x00000000eab00000)
  object space 665088K, 95% used [0x00000000c0000000,0x00000000e6e83c48,0x00000000e8980000)
 Metaspace       used 81076K, committed 82112K, reserved 1179648K
  class space    used 8126K, committed 8576K, reserved 1048576K
GC Heap History (20 events):
Event: 652.781 GC heap before
{Heap before GC invocations=2108 (full 68):
 PSYoungGen      total 26112K, used 26106K [0x00000000eab00000, 0x00000000ed180000, 0x0000000100000000)
  eden space 15360K, 100% used [0x00000000eab00000,0x00000000eba00000,0x00000000eba00000)
  from space 10752K, 99% used [0x00000000eba00000,0x00000000ec47e9c0,0x00000000ec480000)
  to   space 11264K, 0% used [0x00000000ec680000,0x00000000ec680000,0x00000000ed180000)
 ParOldGen       total 665088K, used 606192K [0x00000000c0000000, 0x00000000e8980000, 0x00000000eab00000)
  object space 665088K, 91% used [0x00000000c0000000,0x00000000e4ffc1c0,0x00000000e8980000)
 Metaspace       used 80695K, committed 81792K, reserved 1179648K
  class space    used 8113K, committed 8576K, reserved 1048576K
}
Event: 652.800 GC heap after
{Heap after GC invocations=2108 (full 68):
 PSYoungGen      total 27648K, used 10401K [0x00000000eab00000, 0x00000000ed100000, 0x0000000100000000)
  eden space 16896K, 0% used [0x00000000eab00000,0x00000000eab00000,0x00000000ebb80000)
  from space 10752K, 96% used [0x00000000ec680000,0x00000000ed0a86a0,0x00000000ed100000)
  to   space 10752K, 0% used [0x00000000ebc00000,0x00000000ebc00000,0x00000000ec680000)
 ParOldGen       total 665088K, used 606192K [0x00000000c0000000, 0x00000000e8980000, 0x00000000eab00000)
  object space 665088K, 91% used [0x00000000c0000000,0x00000000e4ffc1c0,0x00000000e8980000)
 Metaspace       used 80695K, committed 81792K, reserved 1179648K
  class space    used 8113K, committed 8576K, reserved 1048576K
}
Event: 653.287 GC heap before
{Heap before GC invocations=2109 (full 68):
 PSYoungGen      total 27648K, used 27297K [0x00000000eab00000, 0x00000000ed100000, 0x0000000100000000)
  eden space 16896K, 100% used [0x00000000eab00000,0x00000000ebb80000,0x00000000ebb80000)
  from space 10752K, 96% used [0x00000000ec680000,0x00000000ed0a86a0,0x00000000ed100000)
  to   space 10752K, 0% used [0x00000000ebc00000,0x00000000ebc00000,0x00000000ec680000)
 ParOldGen       total 665088K, used 606192K [0x00000000c0000000, 0x00000000e8980000, 0x00000000eab00000)
  object space 665088K, 91% used [0x00000000c0000000,0x00000000e4ffc1c0,0x00000000e8980000)
 Metaspace       used 80750K, committed 81856K, reserved 1179648K
  class space    used 8118K, committed 8576K, reserved 1048576K
}
Event: 653.330 GC heap after
{Heap after GC invocations=2109 (full 68):
 PSYoungGen      total 28160K, used 10737K [0x00000000eab00000, 0x00000000edc80000, 0x0000000100000000)
  eden space 17408K, 0% used [0x00000000eab00000,0x00000000eab00000,0x00000000ebc00000)
  from space 10752K, 99% used [0x00000000ebc00000,0x00000000ec67c4e0,0x00000000ec680000)
  to   space 15872K, 0% used [0x00000000ecd00000,0x00000000ecd00000,0x00000000edc80000)
 ParOldGen       total 665088K, used 610265K [0x00000000c0000000, 0x00000000e8980000, 0x00000000eab00000)
  object space 665088K, 91% used [0x00000000c0000000,0x00000000e53f6740,0x00000000e8980000)
 Metaspace       used 80750K, committed 81856K, reserved 1179648K
  class space    used 8118K, committed 8576K, reserved 1048576K
}
Event: 653.676 GC heap before
{Heap before GC invocations=2110 (full 68):
 PSYoungGen      total 28160K, used 28107K [0x00000000eab00000, 0x00000000edc80000, 0x0000000100000000)
  eden space 17408K, 99% used [0x00000000eab00000,0x00000000ebbf67b0,0x00000000ebc00000)
  from space 10752K, 99% used [0x00000000ebc00000,0x00000000ec67c4e0,0x00000000ec680000)
  to   space 15872K, 0% used [0x00000000ecd00000,0x00000000ecd00000,0x00000000edc80000)
 ParOldGen       total 665088K, used 610265K [0x00000000c0000000, 0x00000000e8980000, 0x00000000eab00000)
  object space 665088K, 91% used [0x00000000c0000000,0x00000000e53f6740,0x00000000e8980000)
 Metaspace       used 80774K, committed 81856K, reserved 1179648K
  class space    used 8118K, committed 8576K, reserved 1048576K
}
Event: 653.714 GC heap after
{Heap after GC invocations=2110 (full 68):
 PSYoungGen      total 30720K, used 11522K [0x00000000eab00000, 0x00000000ed880000, 0x0000000100000000)
  eden space 18944K, 0% used [0x00000000eab00000,0x00000000eab00000,0x00000000ebd80000)
  from space 11776K, 97% used [0x00000000ecd00000,0x00000000ed840978,0x00000000ed880000)
  to   space 12800K, 0% used [0x00000000ebf80000,0x00000000ebf80000,0x00000000ecc00000)
 ParOldGen       total 665088K, used 613882K [0x00000000c0000000, 0x00000000e8980000, 0x00000000eab00000)
  object space 665088K, 92% used [0x00000000c0000000,0x00000000e577e9b0,0x00000000e8980000)
 Metaspace       used 80774K, committed 81856K, reserved 1179648K
  class space    used 8118K, committed 8576K, reserved 1048576K
}
Event: 654.131 GC heap before
{Heap before GC invocations=2111 (full 68):
 PSYoungGen      total 30720K, used 30466K [0x00000000eab00000, 0x00000000ed880000, 0x0000000100000000)
  eden space 18944K, 100% used [0x00000000eab00000,0x00000000ebd80000,0x00000000ebd80000)
  from space 11776K, 97% used [0x00000000ecd00000,0x00000000ed840978,0x00000000ed880000)
  to   space 12800K, 0% used [0x00000000ebf80000,0x00000000ebf80000,0x00000000ecc00000)
 ParOldGen       total 665088K, used 613882K [0x00000000c0000000, 0x00000000e8980000, 0x00000000eab00000)
  object space 665088K, 92% used [0x00000000c0000000,0x00000000e577e9b0,0x00000000e8980000)
 Metaspace       used 80802K, committed 81920K, reserved 1179648K
  class space    used 8118K, committed 8576K, reserved 1048576K
}
Event: 654.165 GC heap after
{Heap after GC invocations=2111 (full 68):
 PSYoungGen      total 33792K, used 12777K [0x00000000eab00000, 0x00000000ee180000, 0x0000000100000000)
  eden space 20992K, 0% used [0x00000000eab00000,0x00000000eab00000,0x00000000ebf80000)
  from space 12800K, 99% used [0x00000000ebf80000,0x00000000ecbfa480,0x00000000ecc00000)
  to   space 17408K, 0% used [0x00000000ed080000,0x00000000ed080000,0x00000000ee180000)
 ParOldGen       total 665088K, used 617445K [0x00000000c0000000, 0x00000000e8980000, 0x00000000eab00000)
  object space 665088K, 92% used [0x00000000c0000000,0x00000000e5af9458,0x00000000e8980000)
 Metaspace       used 80802K, committed 81920K, reserved 1179648K
  class space    used 8118K, committed 8576K, reserved 1048576K
}
Event: 655.955 GC heap before
{Heap before GC invocations=2112 (full 68):
 PSYoungGen      total 33792K, used 33769K [0x00000000eab00000, 0x00000000ee180000, 0x0000000100000000)
  eden space 20992K, 100% used [0x00000000eab00000,0x00000000ebf80000,0x00000000ebf80000)
  from space 12800K, 99% used [0x00000000ebf80000,0x00000000ecbfa480,0x00000000ecc00000)
  to   space 17408K, 0% used [0x00000000ed080000,0x00000000ed080000,0x00000000ee180000)
 ParOldGen       total 665088K, used 617445K [0x00000000c0000000, 0x00000000e8980000, 0x00000000eab00000)
  object space 665088K, 92% used [0x00000000c0000000,0x00000000e5af9458,0x00000000e8980000)
 Metaspace       used 80836K, committed 81920K, reserved 1179648K
  class space    used 8119K, committed 8576K, reserved 1048576K
}
Event: 656.014 GC heap after
{Heap after GC invocations=2112 (full 68):
 PSYoungGen      total 37376K, used 14632K [0x00000000eab00000, 0x00000000edf00000, 0x0000000100000000)
  eden space 22528K, 0% used [0x00000000eab00000,0x00000000eab00000,0x00000000ec100000)
  from space 14848K, 98% used [0x00000000ed080000,0x00000000edeca040,0x00000000edf00000)
  to   space 15360K, 0% used [0x00000000ec100000,0x00000000ec100000,0x00000000ed000000)
 ParOldGen       total 665088K, used 621781K [0x00000000c0000000, 0x00000000e8980000, 0x00000000eab00000)
  object space 665088K, 93% used [0x00000000c0000000,0x00000000e5f35428,0x00000000e8980000)
 Metaspace       used 80836K, committed 81920K, reserved 1179648K
  class space    used 8119K, committed 8576K, reserved 1048576K
}
Event: 656.800 GC heap before
{Heap before GC invocations=2113 (full 68):
 PSYoungGen      total 37376K, used 37160K [0x00000000eab00000, 0x00000000edf00000, 0x0000000100000000)
  eden space 22528K, 100% used [0x00000000eab00000,0x00000000ec100000,0x00000000ec100000)
  from space 14848K, 98% used [0x00000000ed080000,0x00000000edeca040,0x00000000edf00000)
  to   space 15360K, 0% used [0x00000000ec100000,0x00000000ec100000,0x00000000ed000000)
 ParOldGen       total 665088K, used 621781K [0x00000000c0000000, 0x00000000e8980000, 0x00000000eab00000)
  object space 665088K, 93% used [0x00000000c0000000,0x00000000e5f35428,0x00000000e8980000)
 Metaspace       used 80938K, committed 82048K, reserved 1179648K
  class space    used 8119K, committed 8576K, reserved 1048576K
}
Event: 656.863 GC heap after
{Heap after GC invocations=2113 (full 68):
 PSYoungGen      total 37888K, used 15353K [0x00000000eab00000, 0x00000000eec80000, 0x0000000100000000)
  eden space 22528K, 0% used [0x00000000eab00000,0x00000000eab00000,0x00000000ec100000)
  from space 15360K, 99% used [0x00000000ec100000,0x00000000ecffe7d0,0x00000000ed000000)
  to   space 21504K, 0% used [0x00000000ed780000,0x00000000ed780000,0x00000000eec80000)
 ParOldGen       total 665088K, used 626844K [0x00000000c0000000, 0x00000000e8980000, 0x00000000eab00000)
  object space 665088K, 94% used [0x00000000c0000000,0x00000000e6427350,0x00000000e8980000)
 Metaspace       used 80938K, committed 82048K, reserved 1179648K
  class space    used 8119K, committed 8576K, reserved 1048576K
}
Event: 657.448 GC heap before
{Heap before GC invocations=2114 (full 68):
 PSYoungGen      total 37888K, used 37881K [0x00000000eab00000, 0x00000000eec80000, 0x0000000100000000)
  eden space 22528K, 100% used [0x00000000eab00000,0x00000000ec100000,0x00000000ec100000)
  from space 15360K, 99% used [0x00000000ec100000,0x00000000ecffe7d0,0x00000000ed000000)
  to   space 21504K, 0% used [0x00000000ed780000,0x00000000ed780000,0x00000000eec80000)
 ParOldGen       total 665088K, used 626844K [0x00000000c0000000, 0x00000000e8980000, 0x00000000eab00000)
  object space 665088K, 94% used [0x00000000c0000000,0x00000000e6427350,0x00000000e8980000)
 Metaspace       used 80974K, committed 82048K, reserved 1179648K
  class space    used 8119K, committed 8576K, reserved 1048576K
}
Event: 657.487 GC heap after
{Heap after GC invocations=2114 (full 68):
 PSYoungGen      total 44544K, used 20248K [0x00000000eab00000, 0x00000000eeb80000, 0x0000000100000000)
  eden space 24064K, 0% used [0x00000000eab00000,0x00000000eab00000,0x00000000ec280000)
  from space 20480K, 98% used [0x00000000ed780000,0x00000000eeb462f8,0x00000000eeb80000)
  to   space 20480K, 0% used [0x00000000ec380000,0x00000000ec380000,0x00000000ed780000)
 ParOldGen       total 665088K, used 626852K [0x00000000c0000000, 0x00000000e8980000, 0x00000000eab00000)
  object space 665088K, 94% used [0x00000000c0000000,0x00000000e6429350,0x00000000e8980000)
 Metaspace       used 80974K, committed 82048K, reserved 1179648K
  class space    used 8119K, committed 8576K, reserved 1048576K
}
Event: 658.908 GC heap before
{Heap before GC invocations=2115 (full 68):
 PSYoungGen      total 44544K, used 44312K [0x00000000eab00000, 0x00000000eeb80000, 0x0000000100000000)
  eden space 24064K, 100% used [0x00000000eab00000,0x00000000ec280000,0x00000000ec280000)
  from space 20480K, 98% used [0x00000000ed780000,0x00000000eeb462f8,0x00000000eeb80000)
  to   space 20480K, 0% used [0x00000000ec380000,0x00000000ec380000,0x00000000ed780000)
 ParOldGen       total 665088K, used 626852K [0x00000000c0000000, 0x00000000e8980000, 0x00000000eab00000)
  object space 665088K, 94% used [0x00000000c0000000,0x00000000e6429350,0x00000000e8980000)
 Metaspace       used 81005K, committed 82112K, reserved 1179648K
  class space    used 8124K, committed 8576K, reserved 1048576K
}
Event: 658.983 GC heap after
{Heap after GC invocations=2115 (full 68):
 PSYoungGen      total 45568K, used 20471K [0x00000000eab00000, 0x00000000ef700000, 0x0000000100000000)
  eden space 25088K, 0% used [0x00000000eab00000,0x00000000eab00000,0x00000000ec380000)
  from space 20480K, 99% used [0x00000000ec380000,0x00000000ed77dc98,0x00000000ed780000)
  to   space 26112K, 0% used [0x00000000edd80000,0x00000000edd80000,0x00000000ef700000)
 ParOldGen       total 665088K, used 631374K [0x00000000c0000000, 0x00000000e8980000, 0x00000000eab00000)
  object space 665088K, 94% used [0x00000000c0000000,0x00000000e6893a88,0x00000000e8980000)
 Metaspace       used 81005K, committed 82112K, reserved 1179648K
  class space    used 8124K, committed 8576K, reserved 1048576K
}
Event: 661.005 GC heap before
{Heap before GC invocations=2116 (full 68):
 PSYoungGen      total 45568K, used 45559K [0x00000000eab00000, 0x00000000ef700000, 0x0000000100000000)
  eden space 25088K, 100% used [0x00000000eab00000,0x00000000ec380000,0x00000000ec380000)
  from space 20480K, 99% used [0x00000000ec380000,0x00000000ed77dc98,0x00000000ed780000)
  to   space 26112K, 0% used [0x00000000edd80000,0x00000000edd80000,0x00000000ef700000)
 ParOldGen       total 665088K, used 631374K [0x00000000c0000000, 0x00000000e8980000, 0x00000000eab00000)
  object space 665088K, 94% used [0x00000000c0000000,0x00000000e6893a88,0x00000000e8980000)
 Metaspace       used 81029K, committed 82112K, reserved 1179648K
  class space    used 8124K, committed 8576K, reserved 1048576K
}
Event: 661.088 GC heap after
{Heap after GC invocations=2116 (full 68):
 PSYoungGen      total 51200K, used 25868K [0x00000000eab00000, 0x00000000ef900000, 0x0000000100000000)
  eden space 25088K, 0% used [0x00000000eab00000,0x00000000eab00000,0x00000000ec380000)
  from space 26112K, 99% used [0x00000000edd80000,0x00000000ef6c3168,0x00000000ef700000)
  to   space 26624K, 0% used [0x00000000ec380000,0x00000000ec380000,0x00000000edd80000)
 ParOldGen       total 665088K, used 631709K [0x00000000c0000000, 0x00000000e8980000, 0x00000000eab00000)
  object space 665088K, 94% used [0x00000000c0000000,0x00000000e68e7518,0x00000000e8980000)
 Metaspace       used 81029K, committed 82112K, reserved 1179648K
  class space    used 8124K, committed 8576K, reserved 1048576K
}
Event: 662.196 GC heap before
{Heap before GC invocations=2117 (full 68):
 PSYoungGen      total 51200K, used 50956K [0x00000000eab00000, 0x00000000ef900000, 0x0000000100000000)
  eden space 25088K, 100% used [0x00000000eab00000,0x00000000ec380000,0x00000000ec380000)
  from space 26112K, 99% used [0x00000000edd80000,0x00000000ef6c3168,0x00000000ef700000)
  to   space 26624K, 0% used [0x00000000ec380000,0x00000000ec380000,0x00000000edd80000)
 ParOldGen       total 665088K, used 631709K [0x00000000c0000000, 0x00000000e8980000, 0x00000000eab00000)
  object space 665088K, 94% used [0x00000000c0000000,0x00000000e68e7518,0x00000000e8980000)
 Metaspace       used 81056K, committed 82112K, reserved 1179648K
  class space    used 8124K, committed 8576K, reserved 1048576K
}
Event: 662.271 GC heap after
{Heap after GC invocations=2117 (full 68):
 PSYoungGen      total 51712K, used 26595K [0x00000000eab00000, 0x00000000f0700000, 0x0000000100000000)
  eden space 25088K, 0% used [0x00000000eab00000,0x00000000eab00000,0x00000000ec380000)
  from space 26624K, 99% used [0x00000000ec380000,0x00000000edd78d80,0x00000000edd80000)
  to   space 33792K, 0% used [0x00000000ee600000,0x00000000ee600000,0x00000000f0700000)
 ParOldGen       total 665088K, used 637455K [0x00000000c0000000, 0x00000000e8980000, 0x00000000eab00000)
  object space 665088K, 95% used [0x00000000c0000000,0x00000000e6e83c48,0x00000000e8980000)
 Metaspace       used 81056K, committed 82112K, reserved 1179648K
  class space    used 8124K, committed 8576K, reserved 1048576K
}

